{"/home/yegaston/Documents/back_en_graph/src/entity/User.ts": {"path":"/home/yegaston/Documents/back_en_graph/src/entity/User.ts","statementMap":{"0":{"start":{"line":1,"column":0},"end":{"line":1,"column":76}},"1":{"start":{"line":4,"column":0},"end":{"line":13,"column":1}},"2":{"start":{"line":5,"column":34},"end":{"line":5,"column":45}},"3":{"start":{"line":8,"column":2},"end":{"line":8,"column":16}},"4":{"start":{"line":10,"column":18},"end":{"line":10,"column":35}},"5":{"start":{"line":12,"column":41},"end":{"line":12,"column":59}},"6":{"start":{"line":4,"column":13},"end":{"line":13,"column":1}},"7":{"start":{"line":4,"column":13},"end":{"line":4,"column":17}}},"fnMap":{},"branchMap":{},"s":{"0":3,"1":3,"2":3,"3":3,"4":3,"5":3,"6":3,"7":3},"f":{},"b":{}}
,"/home/yegaston/Documents/back_en_graph/src/modules/login/errorMessages.ts": {"path":"/home/yegaston/Documents/back_en_graph/src/modules/login/errorMessages.ts","statementMap":{"0":{"start":{"line":1,"column":13},"end":{"line":1,"column":44}},"1":{"start":{"line":2,"column":13},"end":{"line":2,"column":55}}},"fnMap":{},"branchMap":{},"s":{"0":1,"1":1},"f":{},"b":{}}
,"/home/yegaston/Documents/back_en_graph/src/modules/register/errorsMessages.ts": {"path":"/home/yegaston/Documents/back_en_graph/src/modules/register/errorsMessages.ts","statementMap":{"0":{"start":{"line":1,"column":13},"end":{"line":1,"column":46}},"1":{"start":{"line":2,"column":13},"end":{"line":2,"column":72}},"2":{"start":{"line":3,"column":13},"end":{"line":3,"column":78}},"3":{"start":{"line":4,"column":13},"end":{"line":4,"column":57}}},"fnMap":{},"branchMap":{},"s":{"0":1,"1":1,"2":1,"3":1},"f":{},"b":{}}
,"/home/yegaston/Documents/back_en_graph/src/utils/confirmedEmailLink.ts": {"path":"/home/yegaston/Documents/back_en_graph/src/utils/confirmedEmailLink.ts","statementMap":{"0":{"start":{"line":1,"column":0},"end":{"line":1,"column":25}},"1":{"start":{"line":6,"column":13},"end":{"line":15,"column":2}},"2":{"start":{"line":10,"column":4},"end":{"line":15,"column":1}},"3":{"start":{"line":11,"column":13},"end":{"line":11,"column":17}},"4":{"start":{"line":12,"column":2},"end":{"line":12,"column":50}},"5":{"start":{"line":14,"column":2},"end":{"line":14,"column":32}}},"fnMap":{"0":{"name":"(anonymous_6)","decl":{"start":{"line":6,"column":38},"end":{"line":7,"column":2}},"loc":{"start":{"line":10,"column":4},"end":{"line":15,"column":1}}},"1":{"name":"(anonymous_7)","decl":{"start":{"line":10,"column":4},"end":{"line":null,"column":-1}},"loc":{"start":{"line":10,"column":4},"end":{"line":15,"column":1}}}},"branchMap":{},"s":{"0":1,"1":1,"2":1,"3":1,"4":1,"5":1},"f":{"0":1,"1":1},"b":{}}
,"/home/yegaston/Documents/back_en_graph/src/utils/createTypeormConn.ts": {"path":"/home/yegaston/Documents/back_en_graph/src/utils/createTypeormConn.ts","statementMap":{"0":{"start":{"line":1,"column":0},"end":{"line":1,"column":64}},"1":{"start":{"line":3,"column":13},"end":{"line":6,"column":2}},"2":{"start":{"line":3,"column":44},"end":{"line":6,"column":1}},"3":{"start":{"line":4,"column":28},"end":{"line":4,"column":76}},"4":{"start":{"line":5,"column":2},"end":{"line":5,"column":69}}},"fnMap":{"0":{"name":"(anonymous_6)","decl":{"start":{"line":3,"column":33},"end":{"line":3,"column":41}},"loc":{"start":{"line":3,"column":44},"end":{"line":6,"column":1}}},"1":{"name":"(anonymous_7)","decl":{"start":{"line":3,"column":44},"end":{"line":null,"column":-1}},"loc":{"start":{"line":3,"column":44},"end":{"line":6,"column":1}}}},"branchMap":{},"s":{"0":3,"1":3,"2":3,"3":3,"4":3},"f":{"0":3,"1":3},"b":{}}
}
