{"/home/yegaston/Documents/back_en_graph/src/startServer.ts": {"path":"/home/yegaston/Documents/back_en_graph/src/startServer.ts","statementMap":{"0":{"start":{"line":1,"column":0},"end":{"line":1,"column":45}},"1":{"start":{"line":2,"column":0},"end":{"line":2,"column":44}},"2":{"start":{"line":3,"column":0},"end":{"line":3,"column":28}},"3":{"start":{"line":4,"column":0},"end":{"line":4,"column":24}},"4":{"start":{"line":5,"column":0},"end":{"line":5,"column":66}},"5":{"start":{"line":8,"column":0},"end":{"line":8,"column":61}},"6":{"start":{"line":10,"column":13},"end":{"line":29,"column":2}},"7":{"start":{"line":10,"column":38},"end":{"line":29,"column":1}},"8":{"start":{"line":11,"column":35},"end":{"line":11,"column":37}},"9":{"start":{"line":12,"column":18},"end":{"line":12,"column":67}},"10":{"start":{"line":13,"column":2},"end":{"line":19,"column":5}},"11":{"start":{"line":14,"column":26},"end":{"line":14,"column":66}},"12":{"start":{"line":15,"column":21},"end":{"line":17,"column":5}},"13":{"start":{"line":18,"column":4},"end":{"line":18,"column":64}},"14":{"start":{"line":21,"column":17},"end":{"line":21,"column":73}},"15":{"start":{"line":22,"column":2},"end":{"line":22,"column":28}},"16":{"start":{"line":23,"column":14},"end":{"line":25,"column":4}},"17":{"start":{"line":26,"column":2},"end":{"line":26,"column":53}},"18":{"start":{"line":28,"column":2},"end":{"line":28,"column":13}}},"fnMap":{"0":{"name":"(anonymous_6)","decl":{"start":{"line":10,"column":27},"end":{"line":10,"column":35}},"loc":{"start":{"line":10,"column":38},"end":{"line":29,"column":1}}},"1":{"name":"(anonymous_7)","decl":{"start":{"line":10,"column":38},"end":{"line":null,"column":-1}},"loc":{"start":{"line":10,"column":38},"end":{"line":29,"column":1}}},"2":{"name":"(anonymous_8)","decl":{"start":{"line":13,"column":18},"end":{"line":13,"column":23}},"loc":{"start":{"line":13,"column":27},"end":{"line":19,"column":3}}}},"branchMap":{"0":{"loc":{"start":{"line":24,"column":44},"end":{"line":24,"column":45}},"type":"cond-expr","locations":[{"start":{"line":24,"column":44},"end":{"line":24,"column":45}},{"start":{"line":24,"column":48},"end":{"line":24,"column":52}}]}},"s":{"0":1,"1":1,"2":1,"3":1,"4":1,"5":1,"6":1,"7":1,"8":1,"9":1,"10":1,"11":1,"12":1,"13":1,"14":1,"15":1,"16":1,"17":1,"18":1},"f":{"0":1,"1":1,"2":1},"b":{"0":[1,0]}}
,"/home/yegaston/Documents/back_en_graph/src/entity/User.ts": {"path":"/home/yegaston/Documents/back_en_graph/src/entity/User.ts","statementMap":{"0":{"start":{"line":1,"column":0},"end":{"line":1,"column":76}},"1":{"start":{"line":4,"column":0},"end":{"line":11,"column":1}},"2":{"start":{"line":5,"column":34},"end":{"line":5,"column":45}},"3":{"start":{"line":8,"column":2},"end":{"line":8,"column":16}},"4":{"start":{"line":10,"column":18},"end":{"line":10,"column":35}},"5":{"start":{"line":4,"column":13},"end":{"line":11,"column":1}},"6":{"start":{"line":4,"column":13},"end":{"line":4,"column":17}}},"fnMap":{},"branchMap":{},"s":{"0":1,"1":1,"2":1,"3":1,"4":1,"5":1,"6":1},"f":{},"b":{}}
,"/home/yegaston/Documents/back_en_graph/src/modules/register/errorsMessages.ts": {"path":"/home/yegaston/Documents/back_en_graph/src/modules/register/errorsMessages.ts","statementMap":{"0":{"start":{"line":1,"column":13},"end":{"line":1,"column":46}},"1":{"start":{"line":2,"column":13},"end":{"line":2,"column":72}},"2":{"start":{"line":3,"column":13},"end":{"line":3,"column":78}},"3":{"start":{"line":4,"column":13},"end":{"line":4,"column":57}}},"fnMap":{},"branchMap":{},"s":{"0":1,"1":1,"2":1,"3":1},"f":{},"b":{}}
,"/home/yegaston/Documents/back_en_graph/src/modules/register/resolvers.ts": {"path":"/home/yegaston/Documents/back_en_graph/src/modules/register/resolvers.ts","statementMap":{"0":{"start":{"line":1,"column":0},"end":{"line":1,"column":34}},"1":{"start":{"line":2,"column":0},"end":{"line":2,"column":36}},"2":{"start":{"line":4,"column":0},"end":{"line":4,"column":40}},"3":{"start":{"line":5,"column":0},"end":{"line":5,"column":59}},"4":{"start":{"line":6,"column":0},"end":{"line":6,"column":84}},"5":{"start":{"line":8,"column":15},"end":{"line":16,"column":2}},"6":{"start":{"line":18,"column":13},"end":{"line":60,"column":2}},"7":{"start":{"line":20,"column":15},"end":{"line":20,"column":20}},"8":{"start":{"line":23,"column":66},"end":{"line":58,"column":5}},"9":{"start":{"line":26,"column":6},"end":{"line":32,"column":7}},"10":{"start":{"line":27,"column":8},"end":{"line":27,"column":57}},"11":{"start":{"line":30,"column":8},"end":{"line":30,"column":34}},"12":{"start":{"line":34,"column":33},"end":{"line":34,"column":37}},"13":{"start":{"line":36,"column":32},"end":{"line":39,"column":8}},"14":{"start":{"line":41,"column":6},"end":{"line":48,"column":7}},"15":{"start":{"line":42,"column":8},"end":{"line":47,"column":10}},"16":{"start":{"line":50,"column":29},"end":{"line":50,"column":60}},"17":{"start":{"line":51,"column":19},"end":{"line":54,"column":8}},"18":{"start":{"line":56,"column":6},"end":{"line":56,"column":24}},"19":{"start":{"line":57,"column":6},"end":{"line":57,"column":18}}},"fnMap":{"0":{"name":"(anonymous_6)","decl":{"start":{"line":20,"column":9},"end":{"line":20,"column":11}},"loc":{"start":{"line":20,"column":15},"end":{"line":20,"column":20}}},"1":{"name":"(anonymous_7)","decl":{"start":{"line":23,"column":14},"end":{"line":23,"column":21}},"loc":{"start":{"line":23,"column":66},"end":{"line":58,"column":5}}},"2":{"name":"(anonymous_8)","decl":{"start":{"line":23,"column":66},"end":{"line":null,"column":-1}},"loc":{"start":{"line":23,"column":66},"end":{"line":58,"column":5}}}},"branchMap":{"0":{"loc":{"start":{"line":41,"column":6},"end":{"line":48,"column":7}},"type":"if","locations":[{"start":{"line":41,"column":6},"end":{"line":48,"column":7}},{"start":{"line":41,"column":6},"end":{"line":48,"column":7}}]}},"s":{"0":1,"1":1,"2":1,"3":1,"4":1,"5":1,"6":1,"7":0,"8":5,"9":5,"10":5,"11":3,"12":2,"13":2,"14":2,"15":1,"16":1,"17":1,"18":1,"19":1},"f":{"0":0,"1":5,"2":5},"b":{"0":[1,1]}}
,"/home/yegaston/Documents/back_en_graph/src/utils/createTypeormConn.ts": {"path":"/home/yegaston/Documents/back_en_graph/src/utils/createTypeormConn.ts","statementMap":{"0":{"start":{"line":1,"column":0},"end":{"line":1,"column":64}},"1":{"start":{"line":3,"column":13},"end":{"line":6,"column":2}},"2":{"start":{"line":3,"column":44},"end":{"line":6,"column":1}},"3":{"start":{"line":4,"column":28},"end":{"line":4,"column":76}},"4":{"start":{"line":5,"column":2},"end":{"line":5,"column":69}}},"fnMap":{"0":{"name":"(anonymous_6)","decl":{"start":{"line":3,"column":33},"end":{"line":3,"column":41}},"loc":{"start":{"line":3,"column":44},"end":{"line":6,"column":1}}},"1":{"name":"(anonymous_7)","decl":{"start":{"line":3,"column":44},"end":{"line":null,"column":-1}},"loc":{"start":{"line":3,"column":44},"end":{"line":6,"column":1}}}},"branchMap":{},"s":{"0":1,"1":1,"2":1,"3":1,"4":1},"f":{"0":1,"1":1},"b":{}}
,"/home/yegaston/Documents/back_en_graph/src/utils/formatYupError.ts": {"path":"/home/yegaston/Documents/back_en_graph/src/utils/formatYupError.ts","statementMap":{"0":{"start":{"line":3,"column":13},"end":{"line":12,"column":2}},"1":{"start":{"line":4,"column":59},"end":{"line":4,"column":61}},"2":{"start":{"line":5,"column":2},"end":{"line":10,"column":5}},"3":{"start":{"line":6,"column":4},"end":{"line":9,"column":7}},"4":{"start":{"line":11,"column":2},"end":{"line":11,"column":16}}},"fnMap":{"0":{"name":"(anonymous_0)","decl":{"start":{"line":3,"column":30},"end":{"line":3,"column":31}},"loc":{"start":{"line":3,"column":55},"end":{"line":12,"column":1}}},"1":{"name":"(anonymous_1)","decl":{"start":{"line":5,"column":20},"end":{"line":5,"column":21}},"loc":{"start":{"line":5,"column":26},"end":{"line":10,"column":3}}}},"branchMap":{},"s":{"0":1,"1":3,"2":3,"3":6,"4":3},"f":{"0":3,"1":6},"b":{}}
}
