TN:
SF:/home/yegaston/Documents/back_en_graph/src/startServer.ts
FN:10,(anonymous_6)
FN:10,(anonymous_7)
FN:13,(anonymous_8)
FNF:3
FNH:3
FNDA:1,(anonymous_6)
FNDA:1,(anonymous_7)
FNDA:1,(anonymous_8)
DA:1,1
DA:2,1
DA:3,1
DA:4,1
DA:5,1
DA:8,1
DA:10,1
DA:11,1
DA:12,1
DA:13,1
DA:14,1
DA:15,1
DA:18,1
DA:21,1
DA:22,1
DA:23,1
DA:26,1
DA:28,1
LF:18
LH:18
BRDA:24,0,0,1
BRDA:24,0,1,0
BRF:2
BRH:1
end_of_record
TN:
SF:/home/yegaston/Documents/back_en_graph/src/entity/User.ts
FNF:0
FNH:0
DA:1,1
DA:4,1
DA:5,1
DA:8,1
DA:10,1
LF:5
LH:5
BRF:0
BRH:0
end_of_record
TN:
SF:/home/yegaston/Documents/back_en_graph/src/modules/register/errorsMessages.ts
FNF:0
FNH:0
DA:1,1
DA:2,1
DA:3,1
DA:4,1
LF:4
LH:4
BRF:0
BRH:0
end_of_record
TN:
SF:/home/yegaston/Documents/back_en_graph/src/modules/register/resolvers.ts
FN:20,(anonymous_6)
FN:23,(anonymous_7)
FN:23,(anonymous_8)
FNF:3
FNH:2
FNDA:0,(anonymous_6)
FNDA:5,(anonymous_7)
FNDA:5,(anonymous_8)
DA:1,1
DA:2,1
DA:4,1
DA:5,1
DA:6,1
DA:8,1
DA:18,1
DA:20,0
DA:23,5
DA:26,5
DA:27,5
DA:30,3
DA:34,2
DA:36,2
DA:41,2
DA:42,1
DA:50,1
DA:51,1
DA:56,1
DA:57,1
LF:20
LH:19
BRDA:41,0,0,1
BRDA:41,0,1,1
BRF:2
BRH:2
end_of_record
TN:
SF:/home/yegaston/Documents/back_en_graph/src/utils/createTypeormConn.ts
FN:3,(anonymous_6)
FN:3,(anonymous_7)
FNF:2
FNH:2
FNDA:1,(anonymous_6)
FNDA:1,(anonymous_7)
DA:1,1
DA:3,1
DA:4,1
DA:5,1
LF:4
LH:4
BRF:0
BRH:0
end_of_record
TN:
SF:/home/yegaston/Documents/back_en_graph/src/utils/formatYupError.ts
FN:3,(anonymous_0)
FN:5,(anonymous_1)
FNF:2
FNH:2
FNDA:3,(anonymous_0)
FNDA:6,(anonymous_1)
DA:3,1
DA:4,3
DA:5,3
DA:6,6
DA:11,3
LF:5
LH:5
BRF:0
BRH:0
end_of_record
