TN:
SF:/home/yegaston/Documents/back_en_graph/src/entity/User.ts
FNF:0
FNH:0
DA:1,3
DA:4,3
DA:5,3
DA:8,3
DA:10,3
DA:12,3
LF:6
LH:6
BRF:0
BRH:0
end_of_record
TN:
SF:/home/yegaston/Documents/back_en_graph/src/modules/login/errorMessages.ts
FNF:0
FNH:0
DA:1,1
DA:2,1
LF:2
LH:2
BRF:0
BRH:0
end_of_record
TN:
SF:/home/yegaston/Documents/back_en_graph/src/modules/register/errorsMessages.ts
FNF:0
FNH:0
DA:1,1
DA:2,1
DA:3,1
DA:4,1
LF:4
LH:4
BRF:0
BRH:0
end_of_record
TN:
SF:/home/yegaston/Documents/back_en_graph/src/utils/confirmedEmailLink.ts
FN:6,(anonymous_6)
FN:10,(anonymous_7)
FNF:2
FNH:2
FNDA:1,(anonymous_6)
FNDA:1,(anonymous_7)
DA:1,1
DA:6,1
DA:10,1
DA:11,1
DA:12,1
DA:14,1
LF:6
LH:6
BRF:0
BRH:0
end_of_record
TN:
SF:/home/yegaston/Documents/back_en_graph/src/utils/createTypeormConn.ts
FN:3,(anonymous_6)
FN:3,(anonymous_7)
FNF:2
FNH:2
FNDA:3,(anonymous_6)
FNDA:3,(anonymous_7)
DA:1,3
DA:3,3
DA:4,3
DA:5,3
LF:4
LH:4
BRF:0
BRH:0
end_of_record
